<?xml version="1.0" encoding="UTF-8"?>
<!-- Generated by org.testng.reporters.JUnitReportReporter -->
<testsuite hostname="ULSRITDESK27" name="Com.HIS.HISDailyRegressionFlow" tests="3" failures="0" timestamp="17 Nov 2017 09:51:07 GMT" time="63.864" errors="0">
  <testcase name="DoctorWorklist" time="38.682" classname="Com.HIS.HISDailyRegressionFlow"/>
  <testcase name="Prescription" time="17.468" classname="Com.HIS.HISDailyRegressionFlow"/>
  <testcase name="FUP" time="7.714" classname="Com.HIS.HISDailyRegressionFlow"/>
</testsuite> <!-- Com.HIS.HISDailyRegressionFlow -->
