<?xml version="1.0" encoding="UTF-8"?>
<!-- Generated by org.testng.reporters.JUnitReportReporter -->
<testsuite skipped="0" hostname="ESICDRLAPTOP019" name="Com.ESIC.AutomationReport" tests="2" failures="0" timestamp="9 Feb 2020 11:47:27 GMT" time="10.665" errors="0">
  <testcase name="PortalLogin" time="8.613" classname="Com.ESIC.AutomationReport"/>
  <testcase name="Myesic" time="2.052" classname="Com.ESIC.AutomationReport"/>
</testsuite> <!-- Com.ESIC.AutomationReport -->
