<?xml version="1.0" encoding="UTF-8"?>
<!-- Generated by org.testng.reporters.JUnitReportReporter -->
<testsuite hostname="ULSRITDESK27" name="Com.HIS.MasterManagement" tests="3" failures="0" timestamp="8 Nov 2017 09:16:28 GMT" time="101.440" errors="0">
  <testcase name="Employee" time="53.527" classname="Com.HIS.MasterManagement"/>
  <testcase name="BedMaster" time="13.348" classname="Com.HIS.MasterManagement"/>
  <testcase name="RoomMaster" time="34.565" classname="Com.HIS.MasterManagement"/>
</testsuite> <!-- Com.HIS.MasterManagement -->
