<?xml version="1.0" encoding="UTF-8"?>
<!-- Generated by org.testng.reporters.JUnitReportReporter -->
<testsuite hostname="ULSRITDESK27" name="Com.HIS.IPM" tests="8" failures="0" timestamp="12 Oct 2017 10:58:31 GMT" time="169.992" errors="0">
  <testcase name="OpenURL" time="0.567" classname="Com.HIS.IPM"/>
  <testcase name="NurseTasks" time="32.098" classname="Com.HIS.IPM"/>
  <testcase name="UHIDReg" time="16.144" classname="Com.HIS.IPM"/>
  <testcase name="PatientAdmission" time="27.836" classname="Com.HIS.IPM"/>
  <testcase name="AllotBed" time="13.156" classname="Com.HIS.IPM"/>
  <testcase name="BedTransferDetails" time="26.692" classname="Com.HIS.IPM"/>
  <testcase name="WardDashBoard" time="27.604" classname="Com.HIS.IPM"/>
  <testcase name="PatientDischarge" time="25.895" classname="Com.HIS.IPM"/>
</testsuite> <!-- Com.HIS.IPM -->
