<?xml version="1.0" encoding="UTF-8"?>
<!-- Generated by org.testng.reporters.JUnitReportReporter -->
<testsuite hostname="DESKTOP-FD040DP" name="Com.ESIC.test" tests="1" failures="0" timestamp="10 Dec 2019 16:10:39 GMT" time="19.898" errors="0">
  <testcase name="test123" time="19.898" classname="Com.ESIC.test"/>
</testsuite> <!-- Com.ESIC.test -->
