<?xml version="1.0" encoding="UTF-8"?>
<!-- Generated by org.testng.reporters.JUnitReportReporter -->
<testsuite hostname="ULSRITDESK27" name="Com.HIS.ImagingServices" tests="6" failures="0" timestamp="8 Nov 2017 06:55:10 GMT" time="203.550" errors="0">
  <testcase name="DoctorWorklist" time="16.004" classname="Com.HIS.ImagingServices"/>
  <testcase name="OpenURL" time="0.551" classname="Com.HIS.ImagingServices"/>
  <testcase name="Casesheet" time="97.445" classname="Com.HIS.ImagingServices"/>
  <testcase name="UHIDRegistration" time="27.815" classname="Com.HIS.ImagingServices"/>
  <testcase name="PatientCheckIn" time="24.055" classname="Com.HIS.ImagingServices"/>
  <testcase name="ImagingWorklist" time="37.680" classname="Com.HIS.ImagingServices"/>
</testsuite> <!-- Com.HIS.ImagingServices -->
