<?xml version="1.0" encoding="UTF-8"?>
<!-- Generated by org.testng.reporters.JUnitReportReporter -->
<testsuite hostname="ULSRITDESK27" name="Com.HIS.testingPurpose" tests="1" failures="0" timestamp="17 Nov 2017 13:45:45 GMT" time="68.531" errors="0">
  <testcase name="DoctorWorklist" time="68.531" classname="Com.HIS.testingPurpose"/>
</testsuite> <!-- Com.HIS.testingPurpose -->
