<?xml version="1.0" encoding="UTF-8"?>
<!-- Generated by org.testng.reporters.JUnitReportReporter -->
<testsuite hostname="ULSRITDESK27" name="Com.HIS.Registration" tests="5" failures="0" timestamp="6 Nov 2017 09:08:31 GMT" time="91.987" errors="0">
  <testcase name="CancelCheckIn" time="16.005" classname="Com.HIS.Registration"/>
  <testcase name="PatientCheckIn" time="7.811" classname="Com.HIS.Registration"/>
  <testcase name="PatientAdmission" time="41.884" classname="Com.HIS.Registration"/>
  <testcase name="UHIDReg" time="25.798" classname="Com.HIS.Registration"/>
  <testcase name="OpenURL" time="0.489" classname="Com.HIS.Registration"/>
</testsuite> <!-- Com.HIS.Registration -->
