<?xml version="1.0" encoding="UTF-8"?>
<!-- Generated by org.testng.reporters.JUnitReportReporter -->
<testsuite hostname="ULSRITDESK27" name="Com.HIS.Stores" tests="2" failures="0" timestamp="1 Nov 2017 12:14:28 GMT" time="28.527" errors="0">
  <testcase name="InpatientIssues" time="27.889" classname="Com.HIS.Stores"/>
  <testcase name="OpenURL" time="0.638" classname="Com.HIS.Stores"/>
</testsuite> <!-- Com.HIS.Stores -->
