<?xml version="1.0" encoding="UTF-8"?>
<!-- Generated by org.testng.reporters.JUnitReportReporter -->
<testsuite hostname="ULSRITDESK27" name="Com.HIS.OperationTheater" tests="7" failures="0" timestamp="8 Nov 2017 07:40:37 GMT" time="195.007" errors="0">
  <testcase name="DoctorWorklist" time="30.783" classname="Com.HIS.OperationTheater"/>
  <testcase name="ViewOTList" time="29.732" classname="Com.HIS.OperationTheater"/>
  <testcase name="OpenURL" time="0.560" classname="Com.HIS.OperationTheater"/>
  <testcase name="UHIDRegistration" time="53.381" classname="Com.HIS.OperationTheater"/>
  <testcase name="SurgeryRecord" time="22.823" classname="Com.HIS.OperationTheater"/>
  <testcase name="PatientCheckIn" time="23.858" classname="Com.HIS.OperationTheater"/>
  <testcase name="Casesheet" time="33.870" classname="Com.HIS.OperationTheater"/>
</testsuite> <!-- Com.HIS.OperationTheater -->
