<?xml version="1.0" encoding="UTF-8"?>
<!-- Generated by org.testng.reporters.JUnitReportReporter -->
<testsuite hostname="ULSRITDESK27" name="Com.HIS.SendMailFinal" tests="1" failures="0" timestamp="17 Nov 2017 09:51:07 GMT" time="6.852" errors="0">
  <testcase name="SendMail" time="6.852" classname="Com.HIS.SendMailFinal"/>
</testsuite> <!-- Com.HIS.SendMailFinal -->
