<?xml version="1.0" encoding="UTF-8"?>
<!-- Generated by org.testng.reporters.JUnitReportReporter -->
<testsuite hostname="ULSRITDESK27" failures="0" tests="7" name="Com.HIS.HISAutomationReport" time="83.571" errors="0" timestamp="13 Mar 2018 02:32:42 GMT">
  <testcase classname="Com.HIS.HISAutomationReport" name="Myesic" time="14.394"/>
  <testcase classname="Com.HIS.HISAutomationReport" name="PortalLogin" time="5.729"/>
  <testcase classname="Com.HIS.HISAutomationReport" name="Logout" time="2.812"/>
  <testcase classname="Com.HIS.HISAutomationReport" name="DrWorklist" time="4.455"/>
  <testcase classname="Com.HIS.HISAutomationReport" name="PatientCheckIn" time="35.887"/>
  <testcase classname="Com.HIS.HISAutomationReport" name="LoacationFacility" time="6.460"/>
  <testcase classname="Com.HIS.HISAutomationReport" name="Casesheet" time="13.834"/>
</testsuite> <!-- Com.HIS.HISAutomationReport -->
