<?xml version="1.0" encoding="UTF-8"?>
<!-- Generated by org.testng.reporters.JUnitReportReporter -->
<testsuite hostname="ULSRITLAP54" name="Com.HIS.HISDailyRegressionFlow$ReadExcelFile" tests="1" failures="0" timestamp="16 Nov 2017 12:55:12 GMT" time="0.201" errors="0">
  <testcase name="SendMail123" time="0.201" classname="Com.HIS.HISDailyRegressionFlow$ReadExcelFile"/>
</testsuite> <!-- Com.HIS.HISDailyRegressionFlow$ReadExcelFile -->
