<?xml version="1.0" encoding="UTF-8"?>
<!-- Generated by org.testng.reporters.JUnitReportReporter -->
<testsuite hostname="ULSRITDESK27" name="Com.HIS.SuitRun" tests="1" failures="0" timestamp="11 Jan 2018 02:03:48 GMT" time="687.858" errors="0">
  <testcase name="run" time="687.858" classname="Com.HIS.SuitRun"/>
</testsuite> <!-- Com.HIS.SuitRun -->
