<?xml version="1.0" encoding="UTF-8"?>
<!-- Generated by org.testng.reporters.JUnitReportReporter -->
<testsuite hostname="ULSRITDESK27" name="Com.HIS.CLM" tests="6" failures="0" timestamp="8 Nov 2017 06:19:41 GMT" time="243.882" errors="0">
  <testcase name="DischargeSummary" time="21.975" classname="Com.HIS.CLM"/>
  <testcase name="PatientCheckIn" time="24.133" classname="Com.HIS.CLM"/>
  <testcase name="DoctorWorklist" time="16.013" classname="Com.HIS.CLM"/>
  <testcase name="OpenURL" time="0.518" classname="Com.HIS.CLM"/>
  <testcase name="UHIDRegistration" time="25.716" classname="Com.HIS.CLM"/>
  <testcase name="CaseSheet" time="155.527" classname="Com.HIS.CLM"/>
</testsuite> <!-- Com.HIS.CLM -->
