<?xml version="1.0" encoding="UTF-8"?>
<!-- Generated by org.testng.reporters.JUnitReportReporter -->
<testsuite hostname="ULSRITDESK27" name="Com.HIS.Laboratory" tests="9" failures="0" timestamp="16 Oct 2017 11:42:59 GMT" time="202.308" errors="0">
  <testcase name="SampleAcknowledgeIP" time="10.119" classname="Com.HIS.Laboratory"/>
  <testcase name="UHIDRegistration" time="17.679" classname="Com.HIS.Laboratory"/>
  <testcase name="BulkResultEntry" time="22.739" classname="Com.HIS.Laboratory"/>
  <testcase name="DoctorWorklist" time="56.120" classname="Com.HIS.Laboratory"/>
  <testcase name="BulkResultVerification" time="23.419" classname="Com.HIS.Laboratory"/>
  <testcase name="PatientCheckIn" time="7.579" classname="Com.HIS.Laboratory"/>
  <testcase name="OpenURL" time="0.639" classname="Com.HIS.Laboratory"/>
  <testcase name="SampleAcknowledgeOP" time="10.071" classname="Com.HIS.Laboratory"/>
  <testcase name="LabWorklist" time="53.943" classname="Com.HIS.Laboratory"/>
</testsuite> <!-- Com.HIS.Laboratory -->
